<?xml version='1.0' encoding='UTF-8'?>
<testsuite hostname="Napier" name="io.zink.boson.InjectorParserTests" tests="20" errors="0" failures="0" skipped="0" time="0.381">
                     <properties>
[...]
</properties>
                     <testcase classname="io.zink.boson.InjectorParserTests" name="All" time="0.006">
                                                 
                                               </testcase><testcase classname="io.zink.boson.InjectorParserTests" name="[0 to end] BsonArray as Root" time="0.004">
                                                 
                                               </testcase><testcase classname="io.zink.boson.InjectorParserTests" name="[0 until end] BsonArray as Root" time="0.002">
                                                 
                                               </testcase><testcase classname="io.zink.boson.InjectorParserTests" name="[2 until 4] BsonArray as Root" time="0.01">
                                                 
                                               </testcase><testcase classname="io.zink.boson.InjectorParserTests" name="[2 to 4] BsonArray as Root" time="0.002">
                                                 
                                               </testcase><testcase classname="io.zink.boson.InjectorParserTests" name="[2 to 4] BsonArray as Root Test Type Consistency" time="0.044">
                                                 
                                               </testcase><testcase classname="io.zink.boson.InjectorParserTests" name="All [0 to end] BsonArray as Root" time="0.004">
                                                 
                                               </testcase><testcase classname="io.zink.boson.InjectorParserTests" name="All [0 until end] BsonArray as Root" time="0.005">
                                                 
                                               </testcase><testcase classname="io.zink.boson.InjectorParserTests" name="[1 until end] BsonArray as Root" time="0.013">
                                                 
                                               </testcase><testcase classname="io.zink.boson.InjectorParserTests" name="[1 to end] BsonArray as Root" time="0.006">
                                                 
                                               </testcase><testcase classname="io.zink.boson.InjectorParserTests" name="[1 to 2] BsonArray as Root" time="0.002">
                                                 
                                               </testcase><testcase classname="io.zink.boson.InjectorParserTests" name="[1 until 2] BsonArray as Root" time="0.004">
                                                 
                                               </testcase><testcase classname="io.zink.boson.InjectorParserTests" name="[1 until 2] Int =&gt; Int" time="0.143">
                                                 
                                               </testcase><testcase classname="io.zink.boson.InjectorParserTests" name="[1 until 2] BsonObject =&gt; BsonObject" time="0.017">
                                                 
                                               </testcase><testcase classname="io.zink.boson.InjectorParserTests" name="fridge*Readings BsonArray =&gt; BsonArray" time="0.029">
                                                 
                                               </testcase><testcase classname="io.zink.boson.InjectorParserTests" name="all Double =&gt; Double" time="0.013">
                                                 
                                               </testcase><testcase classname="io.zink.boson.InjectorParserTests" name="all String =&gt; String" time="0.036">
                                                 
                                               </testcase><testcase classname="io.zink.boson.InjectorParserTests" name="name String =&gt; String" time="0.013">
                                                 
                                               </testcase><testcase classname="io.zink.boson.InjectorParserTests" name="key[@key1]" time="0.015">
                                                 
                                               </testcase><testcase classname="io.zink.boson.InjectorParserTests" name="*" time="0.013">
                                                 
                                               </testcase>
                     <system-out></system-out>
                     <system-err></system-err>
                   </testsuite>