<?xml version='1.0' encoding='UTF-8'?>
<testsuite hostname="Napier" name="io.zink.boson.jpPlusPlusInjectorTests" tests="117" errors="0" failures="0" skipped="0" time="0.809">
                     <properties>
[...]
</properties>
                     <testcase classname="io.zink.boson.jpPlusPlusInjectorTests" name="Title" time="0.008">
                                                 
                                               </testcase><testcase classname="io.zink.boson.jpPlusPlusInjectorTests" name="Title" time="0.005">
                                                 
                                               </testcase><testcase classname="io.zink.boson.jpPlusPlusInjectorTests" name="Title" time="0.004">
                                                 
                                               </testcase><testcase classname="io.zink.boson.jpPlusPlusInjectorTests" name="Title" time="0.006">
                                                 
                                               </testcase><testcase classname="io.zink.boson.jpPlusPlusInjectorTests" name="Title" time="0.012">
                                                 
                                               </testcase><testcase classname="io.zink.boson.jpPlusPlusInjectorTests" name="Title" time="0.01">
                                                 
                                               </testcase><testcase classname="io.zink.boson.jpPlusPlusInjectorTests" name="Title" time="0.033">
                                                 
                                               </testcase><testcase classname="io.zink.boson.jpPlusPlusInjectorTests" name="Title" time="0.014">
                                                 
                                               </testcase><testcase classname="io.zink.boson.jpPlusPlusInjectorTests" name="Title" time="0.009">
                                                 
                                               </testcase><testcase classname="io.zink.boson.jpPlusPlusInjectorTests" name="Title" time="0.007">
                                                 
                                               </testcase><testcase classname="io.zink.boson.jpPlusPlusInjectorTests" name="Title" time="0.007">
                                                 
                                               </testcase><testcase classname="io.zink.boson.jpPlusPlusInjectorTests" name="Title" time="0.011">
                                                 
                                               </testcase><testcase classname="io.zink.boson.jpPlusPlusInjectorTests" name="Title" time="0.01">
                                                 
                                               </testcase><testcase classname="io.zink.boson.jpPlusPlusInjectorTests" name="Title" time="0.006">
                                                 
                                               </testcase><testcase classname="io.zink.boson.jpPlusPlusInjectorTests" name="Title" time="0.007">
                                                 
                                               </testcase><testcase classname="io.zink.boson.jpPlusPlusInjectorTests" name="Title" time="0.01">
                                                 
                                               </testcase><testcase classname="io.zink.boson.jpPlusPlusInjectorTests" name="Title" time="0.007">
                                                 
                                               </testcase><testcase classname="io.zink.boson.jpPlusPlusInjectorTests" name="[#]" time="0.016">
                                                 
                                               </testcase><testcase classname="io.zink.boson.jpPlusPlusInjectorTests" name="key[#]" time="0.01">
                                                 
                                               </testcase><testcase classname="io.zink.boson.jpPlusPlusInjectorTests" name="Books[0 until end]" time="0.015">
                                                 
                                               </testcase><testcase classname="io.zink.boson.jpPlusPlusInjectorTests" name="key3[@elem]" time="0.015">
                                                 
                                               </testcase><testcase classname="io.zink.boson.jpPlusPlusInjectorTests" name="Inj ROOT OBJECT -&gt; " time="0.005">
                                                 
                                               </testcase><testcase classname="io.zink.boson.jpPlusPlusInjectorTests" name="Inj ROOT ARRAY -&gt; " time="0.007">
                                                 
                                               </testcase><testcase classname="io.zink.boson.jpPlusPlusInjectorTests" name="[first]" time="0.004">
                                                 
                                               </testcase><testcase classname="io.zink.boson.jpPlusPlusInjectorTests" name="[end]" time="0.001">
                                                 
                                               </testcase><testcase classname="io.zink.boson.jpPlusPlusInjectorTests" name="[end]" time="0.013">
                                                 
                                               </testcase><testcase classname="io.zink.boson.jpPlusPlusInjectorTests" name="[end]" time="0.003">
                                                 
                                               </testcase><testcase classname="io.zink.boson.jpPlusPlusInjectorTests" name="[end]" time="0.005">
                                                 
                                               </testcase><testcase classname="io.zink.boson.jpPlusPlusInjectorTests" name="key2" time="0.003">
                                                 
                                               </testcase><testcase classname="io.zink.boson.jpPlusPlusInjectorTests" name="key2" time="0.003">
                                                 
                                               </testcase><testcase classname="io.zink.boson.jpPlusPlusInjectorTests" name="key2" time="0.004">
                                                 
                                               </testcase><testcase classname="io.zink.boson.jpPlusPlusInjectorTests" name="key2" time="0.008">
                                                 
                                               </testcase><testcase classname="io.zink.boson.jpPlusPlusInjectorTests" name="key2" time="0.007">
                                                 
                                               </testcase><testcase classname="io.zink.boson.jpPlusPlusInjectorTests" name="key2" time="0.004">
                                                 
                                               </testcase><testcase classname="io.zink.boson.jpPlusPlusInjectorTests" name="key2" time="0.007">
                                                 
                                               </testcase><testcase classname="io.zink.boson.jpPlusPlusInjectorTests" name="key2" time="0.008">
                                                 
                                               </testcase><testcase classname="io.zink.boson.jpPlusPlusInjectorTests" name="[#]" time="0.003">
                                                 
                                               </testcase><testcase classname="io.zink.boson.jpPlusPlusInjectorTests" name="Inj " time="0.002">
                                                 
                                               </testcase><testcase classname="io.zink.boson.jpPlusPlusInjectorTests" name="match key but ain´t array " time="0.007">
                                                 
                                               </testcase><testcase classname="io.zink.boson.jpPlusPlusInjectorTests" name="match key but ain´t array " time="0.012">
                                                 
                                               </testcase><testcase classname="io.zink.boson.jpPlusPlusInjectorTests" name="testing * V1" time="0.003">
                                                 
                                               </testcase><testcase classname="io.zink.boson.jpPlusPlusInjectorTests" name="testing * V2" time="0.003">
                                                 
                                               </testcase><testcase classname="io.zink.boson.jpPlusPlusInjectorTests" name="testing * V3" time="0.013">
                                                 
                                               </testcase><testcase classname="io.zink.boson.jpPlusPlusInjectorTests" name="testing * V4" time="0.002">
                                                 
                                               </testcase><testcase classname="io.zink.boson.jpPlusPlusInjectorTests" name="testing * V5" time="0.003">
                                                 
                                               </testcase><testcase classname="io.zink.boson.jpPlusPlusInjectorTests" name="Coverage V1" time="0.005">
                                                 
                                               </testcase><testcase classname="io.zink.boson.jpPlusPlusInjectorTests" name="Coverage V2" time="0.004">
                                                 
                                               </testcase><testcase classname="io.zink.boson.jpPlusPlusInjectorTests" name="Coverage V3 modifierAll Float" time="0.005">
                                                 
                                               </testcase><testcase classname="io.zink.boson.jpPlusPlusInjectorTests" name="Coverage V4 modifierAll Double" time="0.002">
                                                 
                                               </testcase><testcase classname="io.zink.boson.jpPlusPlusInjectorTests" name="Coverage V5 modifierAll String as Array" time="0.003">
                                                 
                                               </testcase><testcase classname="io.zink.boson.jpPlusPlusInjectorTests" name="Coverage V6 modifierAll Instant" time="0.003">
                                                 
                                               </testcase><testcase classname="io.zink.boson.jpPlusPlusInjectorTests" name="Coverage V7 modifierAll BsonArray" time="0.002">
                                                 
                                               </testcase><testcase classname="io.zink.boson.jpPlusPlusInjectorTests" name="Coverage V8 modifierAll Long" time="0.016">
                                                 
                                               </testcase><testcase classname="io.zink.boson.jpPlusPlusInjectorTests" name="Coverage V9 modifierAll Boolean" time="0.002">
                                                 
                                               </testcase><testcase classname="io.zink.boson.jpPlusPlusInjectorTests" name="Coverage V10 modifierAll wrong type Double/String" time="0.002">
                                                 
                                               </testcase><testcase classname="io.zink.boson.jpPlusPlusInjectorTests" name="Coverage V11 modifierEnd Double" time="0.009">
                                                 
                                               </testcase><testcase classname="io.zink.boson.jpPlusPlusInjectorTests" name="Coverage V12 modifierEnd Float" time="0.004">
                                                 
                                               </testcase><testcase classname="io.zink.boson.jpPlusPlusInjectorTests" name="Coverage V13 modifierEnd Float/Double Exception" time="0.023">
                                                 
                                               </testcase><testcase classname="io.zink.boson.jpPlusPlusInjectorTests" name="Coverage V14 modifierEnd String as Array[Byte]" time="0.008">
                                                 
                                               </testcase><testcase classname="io.zink.boson.jpPlusPlusInjectorTests" name="Coverage V15 modifierEnd String as String" time="0.002">
                                                 
                                               </testcase><testcase classname="io.zink.boson.jpPlusPlusInjectorTests" name="Coverage V16 modifierEnd String as Instant" time="0.004">
                                                 
                                               </testcase><testcase classname="io.zink.boson.jpPlusPlusInjectorTests" name="Coverage V17 modifierEnd String/Array/Instant Exception" time="0.002">
                                                 
                                               </testcase><testcase classname="io.zink.boson.jpPlusPlusInjectorTests" name="Coverage V18 modifierEnd Boolean" time="0.004">
                                                 
                                               </testcase><testcase classname="io.zink.boson.jpPlusPlusInjectorTests" name="Coverage V19 modifierEnd Boolean Exception" time="0.003">
                                                 
                                               </testcase><testcase classname="io.zink.boson.jpPlusPlusInjectorTests" name="Coverage V20 modifierEnd Long" time="0.004">
                                                 
                                               </testcase><testcase classname="io.zink.boson.jpPlusPlusInjectorTests" name="Coverage V21 modifierEnd Long Exception" time="0.008">
                                                 
                                               </testcase><testcase classname="io.zink.boson.jpPlusPlusInjectorTests" name="Coverage V22 modifierEnd BsonObject Exception" time="0.006">
                                                 
                                               </testcase><testcase classname="io.zink.boson.jpPlusPlusInjectorTests" name="Coverage V23 modifierEnd BsonObject Exception" time="0.01">
                                                 
                                               </testcase><testcase classname="io.zink.boson.jpPlusPlusInjectorTests" name="Coverage V24 modifierEnd Int" time="0.002">
                                                 
                                               </testcase><testcase classname="io.zink.boson.jpPlusPlusInjectorTests" name="Coverage V25 modifierEnd BsonObject Exception" time="0.003">
                                                 
                                               </testcase><testcase classname="io.zink.boson.jpPlusPlusInjectorTests" name="Coverage V26 modifierEnd Int Exception" time="0.004">
                                                 
                                               </testcase><testcase classname="io.zink.boson.jpPlusPlusInjectorTests" name="Coverage V27 modifierEnd Int Exception" time="0.005">
                                                 
                                               </testcase><testcase classname="io.zink.boson.jpPlusPlusInjectorTests" name="Coverage V28 modifyArrayEnd Int" time="0.006">
                                                 
                                               </testcase><testcase classname="io.zink.boson.jpPlusPlusInjectorTests" name="Coverage V29 modifyArrayEnd Int" time="0.003">
                                                 
                                               </testcase><testcase classname="io.zink.boson.jpPlusPlusInjectorTests" name="Coverage V30 modifyArrayEnd BsonObject" time="0.008">
                                                 
                                               </testcase><testcase classname="io.zink.boson.jpPlusPlusInjectorTests" name="Coverage V31 modifyArrayEnd Int" time="0.012">
                                                 
                                               </testcase><testcase classname="io.zink.boson.jpPlusPlusInjectorTests" name="Coverage V32 modifyArrayEnd Int" time="0.006">
                                                 
                                               </testcase><testcase classname="io.zink.boson.jpPlusPlusInjectorTests" name="Coverage V33 modifyArrayEnd Int" time="0.041">
                                                 
                                               </testcase><testcase classname="io.zink.boson.jpPlusPlusInjectorTests" name="Coverage V34 modifyArrayEnd Int" time="0.003">
                                                 
                                               </testcase><testcase classname="io.zink.boson.jpPlusPlusInjectorTests" name="Coverage V35 modifyArrayEnd not an array" time="0.019">
                                                 
                                               </testcase><testcase classname="io.zink.boson.jpPlusPlusInjectorTests" name="Coverage V36 modifyArrayEnd until / Exception" time="0.005">
                                                 
                                               </testcase><testcase classname="io.zink.boson.jpPlusPlusInjectorTests" name="Coverage V37 modifyArrayEndWithKey until   Objects" time="0.017">
                                                 
                                               </testcase><testcase classname="io.zink.boson.jpPlusPlusInjectorTests" name="Coverage V38 modifyArrayEndWithKey until   Int" time="0.004">
                                                 
                                               </testcase><testcase classname="io.zink.boson.jpPlusPlusInjectorTests" name="Coverage V39 modifyArrayEndWithKey until   Int" time="0.002">
                                                 
                                               </testcase><testcase classname="io.zink.boson.jpPlusPlusInjectorTests" name="Coverage V40 modifyArrayEndWithKey until   Int key doesnt match" time="0.007">
                                                 
                                               </testcase><testcase classname="io.zink.boson.jpPlusPlusInjectorTests" name="Coverage V41 modifyArrayEndWithKey   until   Int" time="0.001">
                                                 
                                               </testcase><testcase classname="io.zink.boson.jpPlusPlusInjectorTests" name="Coverage V41 modifyArrayEndWithKey   to   Int" time="0.002">
                                                 
                                               </testcase><testcase classname="io.zink.boson.jpPlusPlusInjectorTests" name="Coverage V42 modifyArrayEndWithKey   to   Int" time="0.002">
                                                 
                                               </testcase><testcase classname="io.zink.boson.jpPlusPlusInjectorTests" name="Coverage V43 modifyArrayEndWithKey   to   Int/Null/Boolean/Long" time="0.001">
                                                 
                                               </testcase><testcase classname="io.zink.boson.jpPlusPlusInjectorTests" name="Coverage V44 modifyArrayEndWithKey   to   Int/Null/Boolean/Long" time="0.011">
                                                 
                                               </testcase><testcase classname="io.zink.boson.jpPlusPlusInjectorTests" name="Coverage V45 modifyArrayEndWithKey   until   Int/Null/Boolean/Long" time="0.003">
                                                 
                                               </testcase><testcase classname="io.zink.boson.jpPlusPlusInjectorTests" name="Coverage V46 modifyArrayEndWithKey   end" time="0.009">
                                                 
                                               </testcase><testcase classname="io.zink.boson.jpPlusPlusInjectorTests" name="Coverage V47 modifyArrayEndWithKey   end" time="0.004">
                                                 
                                               </testcase><testcase classname="io.zink.boson.jpPlusPlusInjectorTests" name="Coverage V48 modifyArrayEndWithKey   end" time="0.001">
                                                 
                                               </testcase><testcase classname="io.zink.boson.jpPlusPlusInjectorTests" name="Coverage V49 modifyArrayEndWithKey   end" time="0.004">
                                                 
                                               </testcase><testcase classname="io.zink.boson.jpPlusPlusInjectorTests" name="Coverage V50 modifyArrayEndWithKey   all" time="0.009">
                                                 
                                               </testcase><testcase classname="io.zink.boson.jpPlusPlusInjectorTests" name="Coverage V51 modifyHasElem Boolean/Long" time="0.023">
                                                 
                                               </testcase><testcase classname="io.zink.boson.jpPlusPlusInjectorTests" name="Coverage V52" time="0.003">
                                                 
                                               </testcase><testcase classname="io.zink.boson.jpPlusPlusInjectorTests" name="Coverage V53" time="0.01">
                                                 
                                               </testcase><testcase classname="io.zink.boson.jpPlusPlusInjectorTests" name="Coverage V54" time="0.006">
                                                 
                                               </testcase><testcase classname="io.zink.boson.jpPlusPlusInjectorTests" name="Coverage V55" time="0.015">
                                                 
                                               </testcase><testcase classname="io.zink.boson.jpPlusPlusInjectorTests" name="Coverage V56" time="0.004">
                                                 
                                               </testcase><testcase classname="io.zink.boson.jpPlusPlusInjectorTests" name="Coverage V57" time="0.005">
                                                 
                                               </testcase><testcase classname="io.zink.boson.jpPlusPlusInjectorTests" name="Coverage V58" time="0.002">
                                                 
                                               </testcase><testcase classname="io.zink.boson.jpPlusPlusInjectorTests" name="Coverage V59" time="0.002">
                                                 
                                               </testcase><testcase classname="io.zink.boson.jpPlusPlusInjectorTests" name="Coverage V60" time="0.003">
                                                 
                                               </testcase><testcase classname="io.zink.boson.jpPlusPlusInjectorTests" name="Coverage V61" time="0.004">
                                                 
                                               </testcase><testcase classname="io.zink.boson.jpPlusPlusInjectorTests" name="Coverage V62" time="0.002">
                                                 
                                               </testcase><testcase classname="io.zink.boson.jpPlusPlusInjectorTests" name="Coverage V63" time="0.012">
                                                 
                                               </testcase><testcase classname="io.zink.boson.jpPlusPlusInjectorTests" name="Coverage V64" time="0.012">
                                                 
                                               </testcase><testcase classname="io.zink.boson.jpPlusPlusInjectorTests" name="Coverage V65" time="0.005">
                                                 
                                               </testcase><testcase classname="io.zink.boson.jpPlusPlusInjectorTests" name="Coverage V66" time="0.005">
                                                 
                                               </testcase><testcase classname="io.zink.boson.jpPlusPlusInjectorTests" name="Coverage V67" time="0.004">
                                                 
                                               </testcase><testcase classname="io.zink.boson.jpPlusPlusInjectorTests" name="Coverage V68" time="0.003">
                                                 
                                               </testcase><testcase classname="io.zink.boson.jpPlusPlusInjectorTests" name="Coverage V69" time="0.008">
                                                 
                                               </testcase><testcase classname="io.zink.boson.jpPlusPlusInjectorTests" name="Coverage V70" time="0.001">
                                                 
                                               </testcase><testcase classname="io.zink.boson.jpPlusPlusInjectorTests" name="Coverage V71" time="0.003">
                                                 
                                               </testcase>
                     <system-out></system-out>
                     <system-err></system-err>
                   </testsuite>