<?xml version='1.0' encoding='UTF-8'?>
<testsuite hostname="Napier" name="io.zink.boson.HorribleTests" tests="33" errors="0" failures="0" skipped="0" time="0.075">
                     <properties>
[...]
</properties>
                     <testcase classname="io.zink.boson.HorribleTests" name="Empty ObjEvent" time="0.001">
                                                 
                                               </testcase><testcase classname="io.zink.boson.HorribleTests" name="Empty ArrEvent" time="0.001">
                                                 
                                               </testcase><testcase classname="io.zink.boson.HorribleTests" name="Empty ByteBuf" time="0.002">
                                                 
                                               </testcase><testcase classname="io.zink.boson.HorribleTests" name="Bad parser expression V1" time="0.003">
                                                 
                                               </testcase><testcase classname="io.zink.boson.HorribleTests" name="Bad parser expression V2" time="0.001">
                                                 
                                               </testcase><testcase classname="io.zink.boson.HorribleTests" name="Bad parser expression V3" time="0.001">
                                                 
                                               </testcase><testcase classname="io.zink.boson.HorribleTests" name="Bad parser expression V4" time="0.001">
                                                 
                                               </testcase><testcase classname="io.zink.boson.HorribleTests" name="Bad parser expression V5" time="0.001">
                                                 
                                               </testcase><testcase classname="io.zink.boson.HorribleTests" name="IndexOutOfBounds" time="0.001">
                                                 
                                               </testcase><testcase classname="io.zink.boson.HorribleTests" name="Extract array when doesn't exists V1" time="0.0">
                                                 
                                               </testcase><testcase classname="io.zink.boson.HorribleTests" name="Extract array when doesn't exists V2" time="0.001">
                                                 
                                               </testcase><testcase classname="io.zink.boson.HorribleTests" name="Extract value with wrong Key" time="0.001">
                                                 
                                               </testcase><testcase classname="io.zink.boson.HorribleTests" name="Extract value when only exists BsonArray" time="0.002">
                                                 
                                               </testcase><testcase classname="io.zink.boson.HorribleTests" name="Only WhiteSpaces in Expression" time="0.007">
                                                 
                                               </testcase><testcase classname="io.zink.boson.HorribleTests" name="array prob 1" time="0.016">
                                                 
                                               </testcase><testcase classname="io.zink.boson.HorribleTests" name="array prob 2" time="0.002">
                                                 
                                               </testcase><testcase classname="io.zink.boson.HorribleTests" name="array prob 5" time="0.001">
                                                 
                                               </testcase><testcase classname="io.zink.boson.HorribleTests" name="key doesn't match with an array" time="0.001">
                                                 
                                               </testcase><testcase classname="io.zink.boson.HorribleTests" name="1stKey exists many times" time="0.003">
                                                 
                                               </testcase><testcase classname="io.zink.boson.HorribleTests" name="1stKey exists many times, looking for another key" time="0.004">
                                                 
                                               </testcase><testcase classname="io.zink.boson.HorribleTests" name="1stKey matches, 2ndKey doen't exists" time="0.002">
                                                 
                                               </testcase><testcase classname="io.zink.boson.HorribleTests" name="key doesn't match with an array with 2ndKey" time="0.001">
                                                 
                                               </testcase><testcase classname="io.zink.boson.HorribleTests" name="until end Problem" time="0.001">
                                                 
                                               </testcase><testcase classname="io.zink.boson.HorribleTests" name="try extract obj with certain elem, but isn't obj" time="0.001">
                                                 
                                               </testcase><testcase classname="io.zink.boson.HorribleTests" name="try extract obj with certain elem, but elem emptyt" time="0.002">
                                                 
                                               </testcase><testcase classname="io.zink.boson.HorribleTests" name="try extract obj with certain elem, but elem is deep" time="0.004">
                                                 
                                               </testcase><testcase classname="io.zink.boson.HorribleTests" name="Key doesn't match with keys from root Obj" time="0.001">
                                                 
                                               </testcase><testcase classname="io.zink.boson.HorribleTests" name="KeyWithArr doesn't match with keys from root Obj" time="0.001">
                                                 
                                               </testcase><testcase classname="io.zink.boson.HorribleTests" name="Key match inside and outside obj" time="0.0">
                                                 
                                               </testcase><testcase classname="io.zink.boson.HorribleTests" name="key, root Bsonarray and key doesn't match" time="0.0">
                                                 
                                               </testcase><testcase classname="io.zink.boson.HorribleTests" name="key2, key2 doesn't exists" time="0.001">
                                                 
                                               </testcase><testcase classname="io.zink.boson.HorribleTests" name="Bad Expression using new API" time="0.009">
                                                 
                                               </testcase><testcase classname="io.zink.boson.HorribleTests" name="Empty buf" time="0.002">
                                                 
                                               </testcase>
                     <system-out></system-out>
                     <system-err></system-err>
                   </testsuite>